<?xml version="1.0" encoding="UTF-8"?>
<!-- Generated by org.testng.reporters.JUnitReportReporter -->
<testsuite hostname="SanjayBabu" failures="0" tests="1" name="waysToPostRequest.CreateResourceUsingPojo" time="29.153" errors="0" timestamp="2022-02-10T15:07:15 IST" skipped="0">
  <testcase classname="waysToPostRequest.CreateResourceUsingPojo" name="usingPojo" time="29.153"/>
  <system-out/>
</testsuite> <!-- waysToPostRequest.CreateResourceUsingPojo -->
