<?xml version="1.0" encoding="UTF-8"?>
<!-- Generated by org.testng.reporters.JUnitReportReporter -->
<testsuite hostname="SanjayBabu" failures="0" tests="1" name="responseValidation.DynamicResponseValidation" time="13.597" errors="0" timestamp="2022-02-10T16:25:52 IST" skipped="0">
  <testcase classname="responseValidation.DynamicResponseValidation" name="verify" time="13.597"/>
  <system-out/>
</testsuite> <!-- responseValidation.DynamicResponseValidation -->
