<?xml version="1.0" encoding="UTF-8"?>
<!-- Generated by org.testng.reporters.JUnitReportReporter -->
<testsuite hostname="SanjayBabu" failures="0" tests="1" name="waysToPostRequest.CreateResourceUsingHashMapTest" time="12.113" errors="0" timestamp="2022-02-10T16:52:48 IST" skipped="0">
  <testcase classname="waysToPostRequest.CreateResourceUsingHashMapTest" name="usingHashMap" time="12.113"/>
  <system-out/>
</testsuite> <!-- waysToPostRequest.CreateResourceUsingHashMapTest -->
