<?xml version="1.0" encoding="UTF-8"?>
<!-- Generated by org.testng.reporters.JUnitReportReporter -->
<testsuite hostname="SanjayBabu" failures="0" tests="1" name="practiceCRUDWithBDD.CreateProject" time="39.136" errors="0" timestamp="2022-02-10T12:17:50 IST" skipped="0">
  <testcase classname="practiceCRUDWithBDD.CreateProject" name="createProject" time="39.136"/>
  <system-out/>
</testsuite> <!-- practiceCRUDWithBDD.CreateProject -->
