<?xml version="1.0" encoding="UTF-8"?>
<!-- Generated by org.testng.reporters.JUnitReportReporter -->
<testsuite hostname="SanjayBabu" failures="0" tests="1" name="parametersAndAuthentication.PathParameterTest" time="20.280" errors="0" timestamp="2022-02-11T12:37:14 IST" skipped="0">
  <testcase classname="parametersAndAuthentication.PathParameterTest" name="pathParameter" time="20.280"/>
  <system-out/>
</testsuite> <!-- parametersAndAuthentication.PathParameterTest -->
