<?xml version="1.0" encoding="UTF-8"?>
<!-- Generated by org.testng.reporters.JUnitReportReporter -->
<testsuite hostname="SanjayBabu" failures="0" tests="1" name="practiceCRUDWithBDD.DeleteProject" time="17.645" errors="0" timestamp="2022-02-10T16:58:30 IST" skipped="0">
  <testcase classname="practiceCRUDWithBDD.DeleteProject" name="deleteProject" time="17.645"/>
  <system-out/>
</testsuite> <!-- practiceCRUDWithBDD.DeleteProject -->
