<?xml version="1.0" encoding="UTF-8"?>
<!-- Generated by org.testng.reporters.JUnitReportReporter -->
<testsuite hostname="SanjayBabu" failures="0" tests="1" name="Authentication.BasicAuthTest" time="17.783" errors="0" timestamp="2022-02-11T16:25:57 IST" skipped="0">
  <testcase classname="Authentication.BasicAuthTest" name="basicAuth" time="17.783"/>
  <system-out/>
</testsuite> <!-- Authentication.BasicAuthTest -->
