<?xml version="1.0" encoding="UTF-8"?>
<!-- Generated by org.testng.reporters.JUnitReportReporter -->
<testsuite hostname="SanjayBabu" failures="0" tests="1" name="RMGYantraTests.CreateResourceAndVerifyInDataBaseTest" time="29.376" errors="0" timestamp="2022-02-13T18:27:51 IST" skipped="0">
  <testcase classname="RMGYantraTests.CreateResourceAndVerifyInDataBaseTest" name="createResourceAndverifyInDB" time="29.376"/>
  <system-out>
    <![CDATA[TY_PROJ_1602
data verification successful]]>
  </system-out>
</testsuite> <!-- RMGYantraTests.CreateResourceAndVerifyInDataBaseTest -->
