<?xml version="1.0" encoding="UTF-8"?>
<!-- Generated by org.testng.reporters.JUnitReportReporter -->
<testsuite hostname="SanjayBabu" failures="0" tests="2" name="responseValidation.SingleResponseMultipleTestDataTest" time="13.786" errors="0" timestamp="2022-02-10T16:45:33 IST" skipped="0">
  <testcase classname="responseValidation.SingleResponseMultipleTestDataTest" name="multipleResponse" time="0.546"/>
  <system-out/>
  <testcase classname="responseValidation.SingleResponseMultipleTestDataTest" name="multipleResponse" time="13.240"/>
  <system-out/>
</testsuite> <!-- responseValidation.SingleResponseMultipleTestDataTest -->
