<?xml version="1.0" encoding="UTF-8"?>
<!-- Generated by org.testng.reporters.JUnitReportReporter -->
<testsuite hostname="SanjayBabu" failures="0" tests="1" name="responseValidation.StaticResponseValidation" time="14.719" errors="0" timestamp="2022-02-10T16:12:23 IST" skipped="0">
  <testcase classname="responseValidation.StaticResponseValidation" name="verify" time="14.719"/>
  <system-out/>
</testsuite> <!-- responseValidation.StaticResponseValidation -->
