<?xml version="1.0" encoding="UTF-8"?>
<!-- Generated by org.testng.reporters.JUnitReportReporter -->
<testsuite hostname="SanjayBabu" failures="0" tests="1" name="practiceCRUDWithoutBDD.deleteProject" time="11.489" errors="0" timestamp="2022-02-09T22:12:47 IST" skipped="0">
  <testcase classname="practiceCRUDWithoutBDD.deleteProject" name="delProject" time="11.489"/>
  <system-out/>
</testsuite> <!-- practiceCRUDWithoutBDD.deleteProject -->
