<?xml version="1.0" encoding="UTF-8"?>
<!-- Generated by org.testng.reporters.JUnitReportReporter -->
<testsuite hostname="SanjayBabu" failures="0" tests="2" name="authentication.preemptiveAndDigestiveAuth" time="11.819" errors="0" timestamp="2022-02-11T16:44:29 IST" skipped="0">
  <testcase classname="authentication.preemptiveAndDigestiveAuth" name="digestiveAuth" time="11.121"/>
  <system-out/>
  <testcase classname="authentication.preemptiveAndDigestiveAuth" name="preemptiveAuth" time="0.698"/>
  <system-out/>
</testsuite> <!-- authentication.preemptiveAndDigestiveAuth -->
