<?xml version="1.0" encoding="UTF-8"?>
<!-- Generated by org.testng.reporters.JUnitReportReporter -->
<testsuite hostname="SanjayBabu" failures="0" tests="1" name="authentication.Oauth2Test" time="19.852" errors="0" timestamp="2022-02-11T17:30:33 IST" skipped="0">
  <testcase classname="authentication.Oauth2Test" name="oauthTest" time="19.852"/>
  <system-out/>
</testsuite> <!-- authentication.Oauth2Test -->
