<?xml version="1.0" encoding="UTF-8"?>
<!-- Generated by org.testng.reporters.JUnitReportReporter -->
<testsuite hostname="SanjayBabu" failures="0" tests="1" name="parametersAndAuthentication.QueryParameterTest" time="22.447" errors="0" timestamp="2022-02-11T12:45:40 IST" skipped="0">
  <testcase classname="parametersAndAuthentication.QueryParameterTest" name="queryParameter" time="22.447"/>
  <system-out/>
</testsuite> <!-- parametersAndAuthentication.QueryParameterTest -->
