<?xml version="1.0" encoding="UTF-8"?>
<!-- Generated by org.testng.reporters.JUnitReportReporter -->
<testsuite hostname="SanjayBabu" failures="0" tests="1" name="requestChaining.PostAndDeleteTest" time="13.513" errors="0" timestamp="2022-02-11T14:46:14 IST" skipped="0">
  <testcase classname="requestChaining.PostAndDeleteTest" name="postAndDelete" time="13.513"/>
  <system-out/>
</testsuite> <!-- requestChaining.PostAndDeleteTest -->
