<?xml version="1.0" encoding="UTF-8"?>
<!-- Generated by org.testng.reporters.JUnitReportReporter -->
<testsuite hostname="SanjayBabu" failures="0" tests="1" name="practiceCRUDWithoutBDD.CreateProject" time="15.593" errors="0" timestamp="2022-02-10T18:17:23 IST" skipped="0">
  <testcase classname="practiceCRUDWithoutBDD.CreateProject" name="createProject" time="15.593"/>
  <system-out/>
</testsuite> <!-- practiceCRUDWithoutBDD.CreateProject -->
