<?xml version="1.0" encoding="UTF-8"?>
<!-- Generated by org.testng.reporters.JUnitReportReporter -->
<testsuite hostname="SanjayBabu" failures="0" tests="1" name="practiceCRUDWithoutBDD.GetAllProjects" time="12.643" errors="0" timestamp="2022-02-11T13:15:34 IST" skipped="0">
  <testcase classname="practiceCRUDWithoutBDD.GetAllProjects" name="getAllProjects" time="12.643"/>
  <system-out/>
</testsuite> <!-- practiceCRUDWithoutBDD.GetAllProjects -->
