<?xml version="1.0" encoding="UTF-8"?>
<!-- Generated by org.testng.reporters.JUnitReportReporter -->
<testsuite hostname="SanjayBabu" failures="0" tests="1" name="practiceCRUDWithBDD.UpdateProject" time="31.699" errors="0" timestamp="2022-02-10T13:17:50 IST" skipped="0">
  <testcase classname="practiceCRUDWithBDD.UpdateProject" name="updatProject" time="31.699"/>
  <system-out/>
</testsuite> <!-- practiceCRUDWithBDD.UpdateProject -->
