<?xml version="1.0" encoding="UTF-8"?>
<!-- Generated by org.testng.reporters.JUnitReportReporter -->
<testsuite hostname="SanjayBabu" failures="0" tests="1" name="requestChaining.RequestChainingTest" time="30.329" errors="0" timestamp="2022-02-11T12:55:00 IST" skipped="0">
  <testcase classname="requestChaining.RequestChainingTest" name="rqtChaining" time="30.329"/>
  <system-out/>
</testsuite> <!-- requestChaining.RequestChainingTest -->
