<?xml version="1.0" encoding="UTF-8"?>
<!-- Generated by org.testng.reporters.JUnitReportReporter -->
<testsuite hostname="SanjayBabu" failures="0" tests="1" name="practiceCRUDWithoutBDD.GetSingleProject" time="14.736" errors="0" timestamp="2022-02-09T21:51:54 IST" skipped="0">
  <testcase classname="practiceCRUDWithoutBDD.GetSingleProject" name="getSingleProject" time="14.736"/>
  <system-out/>
</testsuite> <!-- practiceCRUDWithoutBDD.GetSingleProject -->
