<?xml version="1.0" encoding="UTF-8"?>
<!-- Generated by org.testng.reporters.JUnitReportReporter -->
<testsuite hostname="SanjayBabu" failures="0" tests="1" name="practiceCRUDWithBDD.GetSingleProjectTest" time="11.838" errors="0" timestamp="2022-02-10T17:43:09 IST" skipped="0">
  <testcase classname="practiceCRUDWithBDD.GetSingleProjectTest" name="singleProject" time="11.838"/>
  <system-out/>
</testsuite> <!-- practiceCRUDWithBDD.GetSingleProjectTest -->
