<?xml version="1.0" encoding="UTF-8"?>
<!-- Generated by org.testng.reporters.JUnitReportReporter -->
<testsuite hostname="SanjayBabu" failures="0" tests="1" name="practiceCRUDWithBDD.GetAllProjects" time="13.313" errors="0" timestamp="2022-02-10T12:26:36 IST" skipped="0">
  <testcase classname="practiceCRUDWithBDD.GetAllProjects" name="getAllProjects" time="13.313"/>
  <system-out/>
</testsuite> <!-- practiceCRUDWithBDD.GetAllProjects -->
