<?xml version="1.0" encoding="UTF-8"?>
<!-- Generated by org.testng.reporters.JUnitReportReporter -->
<testsuite hostname="SanjayBabu" failures="0" tests="1" name="Authentication.BarrierToken" time="13.922" errors="0" timestamp="2022-02-11T16:33:08 IST" skipped="0">
  <testcase classname="Authentication.BarrierToken" name="barrierToken" time="13.922"/>
  <system-out/>
</testsuite> <!-- Authentication.BarrierToken -->
