<?xml version="1.0" encoding="UTF-8"?>
<!-- Generated by org.testng.reporters.JUnitReportReporter -->
<testsuite hostname="SanjayBabu" failures="0" tests="1" name="practiceCRUDWithoutBDD.UpdateProject" time="13.903" errors="0" timestamp="2022-02-09T22:07:40 IST" skipped="0">
  <testcase classname="practiceCRUDWithoutBDD.UpdateProject" name="updateProject" time="13.903"/>
  <system-out/>
</testsuite> <!-- practiceCRUDWithoutBDD.UpdateProject -->
