<?xml version="1.0" encoding="UTF-8"?>
<!-- Generated by org.testng.reporters.JUnitReportReporter -->
<testsuite hostname="SanjayBabu" failures="0" tests="1" name="responseValidation.VerifyResponseTimeHamcrestTest" time="11.053" errors="0" timestamp="2022-02-10T17:31:34 IST" skipped="0">
  <testcase classname="responseValidation.VerifyResponseTimeHamcrestTest" name="responseTime" time="11.053"/>
  <system-out/>
</testsuite> <!-- responseValidation.VerifyResponseTimeHamcrestTest -->
